<?xml version="1.0" encoding="UTF-8"?>
<!-- Generated by org.testng.reporters.JUnitReportReporter -->
<testsuite skipped="0" hostname="DESKTOP-IVH825I" name="com.movie.run.test1" tests="1" failures="0" timestamp="2023-05-26T22:35:25 IST" time="94.758" errors="0">
  <testcase name="Wikipedia" time="94.758" classname="com.movie.run.test1"/>
  <system-out>
    <![CDATA[test()]]>
  </system-out>
</testsuite> <!-- com.movie.run.test1 -->
